0 info it worked if it ends with ok
1 verbose cli [ '/usr/local/bin/node', '/usr/local/bin/npm', 'start' ]
2 info using npm@3.10.9
3 info using node@v6.9.2
4 verbose run-script [ 'prestart', 'start', 'poststart' ]
5 info lifecycle clementinejs-fcc@1.0.1~prestart: clementinejs-fcc@1.0.1
6 silly lifecycle clementinejs-fcc@1.0.1~prestart: no script for prestart, continuing
7 info lifecycle clementinejs-fcc@1.0.1~start: clementinejs-fcc@1.0.1
8 verbose lifecycle clementinejs-fcc@1.0.1~start: unsafe-perm in lifecycle true
9 verbose lifecycle clementinejs-fcc@1.0.1~start: PATH: /usr/local/lib/node_modules/npm/bin/node-gyp-bin:/Users/ilya/Git/fcc-polling-app/node_modules/.bin:/Users/ilya/dev/tools/apache-maven-3.3.9/bin:/usr/local/bin:/usr/bin:/bin:/usr/sbin:/sbin:/opt/local/bin:/opt/local/sbin:/Users/ilya/Play/activator-dist-1.3.10/bin:/usr/local/mysql-5.7.10-osx10.9-x86_64/bin:/Users/ilya/bin/elm-format
10 verbose lifecycle clementinejs-fcc@1.0.1~start: CWD: /Users/ilya/Git/fcc-polling-app
11 silly lifecycle clementinejs-fcc@1.0.1~start: Args: [ '-c', 'node server.js' ]
12 silly lifecycle clementinejs-fcc@1.0.1~start: Returned: code: 1  signal: null
13 info lifecycle clementinejs-fcc@1.0.1~start: Failed to exec start script
14 verbose stack Error: clementinejs-fcc@1.0.1 start: `node server.js`
14 verbose stack Exit status 1
14 verbose stack     at EventEmitter.<anonymous> (/usr/local/lib/node_modules/npm/lib/utils/lifecycle.js:255:16)
14 verbose stack     at emitTwo (events.js:106:13)
14 verbose stack     at EventEmitter.emit (events.js:191:7)
14 verbose stack     at ChildProcess.<anonymous> (/usr/local/lib/node_modules/npm/lib/utils/spawn.js:40:14)
14 verbose stack     at emitTwo (events.js:106:13)
14 verbose stack     at ChildProcess.emit (events.js:191:7)
14 verbose stack     at maybeClose (internal/child_process.js:877:16)
14 verbose stack     at Process.ChildProcess._handle.onexit (internal/child_process.js:226:5)
15 verbose pkgid clementinejs-fcc@1.0.1
16 verbose cwd /Users/ilya/Git/fcc-polling-app
17 error Darwin 16.6.0
18 error argv "/usr/local/bin/node" "/usr/local/bin/npm" "start"
19 error node v6.9.2
20 error npm  v3.10.9
21 error code ELIFECYCLE
22 error clementinejs-fcc@1.0.1 start: `node server.js`
22 error Exit status 1
23 error Failed at the clementinejs-fcc@1.0.1 start script 'node server.js'.
23 error Make sure you have the latest version of node.js and npm installed.
23 error If you do, this is most likely a problem with the clementinejs-fcc package,
23 error not with npm itself.
23 error Tell the author that this fails on your system:
23 error     node server.js
23 error You can get information on how to open an issue for this project with:
23 error     npm bugs clementinejs-fcc
23 error Or if that isn't available, you can get their info via:
23 error     npm owner ls clementinejs-fcc
23 error There is likely additional logging output above.
24 verbose exit [ 1, true ]
